[2023-12-10 01:05:16] => 🚨 Bot: idle
[2023-12-10 01:05:46] => 🚨 Bot: reloging
[2023-12-10 01:05:59] => 🛑 Stopping bot
[2023-12-10 01:06:50] => 🚨 Bot: idle
[2023-12-10 01:07:20] => 🚨 Bot: reloging
[2023-12-10 01:07:41] => 🤓 Relogado
[2023-12-10 01:07:43] => 🚨 Bot: idle
[2023-12-10 01:09:54] => 🛑 Stopping bot
[2023-12-10 01:11:43] => 🚨 Bot: idle
[2023-12-10 01:12:13] => 🚨 Bot: reloging
[2023-12-10 01:14:49] => 🚨 Bot: idle
[2023-12-10 01:15:19] => 🚨 Bot: reloging
[2023-12-10 01:17:28] => 🚨 Bot: idle
[2023-12-10 01:17:58] => 🚨 Bot: reloging
[2023-12-10 01:18:18] => 🤓 Relogado
[2023-12-10 01:18:19] => 🚨 Bot: idle
[2023-12-10 01:18:37] => 🛑 Stopping bot
[2023-12-10 01:18:49] => 🚨 Bot: idle
[2023-12-10 02:18:50] => 🚨 Bot: reloging
[2023-12-10 02:18:59] => 🔑 Inserindo sub-senha
[2023-12-10 02:19:03] => 🚨 Sub-senha digitada com sucesso.
[2023-12-10 02:19:16] => 🤓 Relogado
[2023-12-10 02:19:17] => 🚨 Bot: idle
[2023-12-10 00:21:14] => 🚨 Bot: idle
[2023-12-10 00:21:28] => 🚨 Bot: reloging
[2023-12-10 00:21:44] => 🛑 Stopping bot
